00:15:09 **** Build of configuration Debug for project FinalTest ****
make all 
Building file: ../a8.c
Invoking: GCC C Compiler
gcc -O0 -g3 -Wall -c -fmessage-length=0 -MMD -MP -MF"a8.d" -MT"a8.o" -o "a8.o" "../a8.c"
Finished building: ../a8.c
 
Building target: FinalTest
Invoking: MacOS X C Linker
gcc  -o "FinalTest"  ./a8.o   
Undefined symbols for architecture x86_64:
  "_main", referenced from:
     implicit entry/start for main executable
ld: symbol(s) not found for architecture x86_64
clang: error: linker command failed with exit code 1 (use -v to see invocation)
make: *** [FinalTest] Error 1
"make all" terminated with exit code 2. Build might be incomplete.
00:15:41 **** Incremental Build of configuration Debug for project FinalTest ****
make all 
Building target: FinalTest
Invoking: MacOS X C Linker
gcc  -o "FinalTest"  ./a8.o   
Undefined symbols for architecture x86_64:
  "_main", referenced from:
     implicit entry/start for main executable
ld: symbol(s) not found for architecture x86_64
clang: error: linker command failed with exit code 1 (use -v to see invocation)
make: *** [FinalTest] Error 1
"make all" terminated with exit code 2. Build might be incomplete.
00:15:42 **** Incremental Build of configuration Debug for project FinalTest ****
make all 
Building target: FinalTest
Invoking: MacOS X C Linker
gcc  -o "FinalTest"  ./a8.o   
Undefined symbols for architecture x86_64:
  "_main", referenced from:
     implicit entry/start for main executable
ld: symbol(s) not found for architecture x86_64
clang: error: linker command failed with exit code 1 (use -v to see invocation)
make: *** [FinalTest] Error 1
"make all" terminated with exit code 2. Build might be incomplete.
00:17:25 **** Incremental Build of configuration Debug for project FinalTest ****
make all 
Building file: ../a8.c
Invoking: GCC C Compiler
gcc -O0 -g3 -Wall -c -fmessage-length=0 -MMD -MP -MF"a8.d" -MT"a8.o" -o "a8.o" "../a8.c"
../a8.c:7:20: warning: extra tokens at end of #include directive [-Wextra-tokens]
#include <unistd.h>;
                   ^
                   //
../a8.c:11:2: warning: implicit declaration of function 'print' is invalid in C99 [-Wimplicit-function-declaration]
        print(a);
        ^
2 warnings generated.
Finished building: ../a8.c
 
Building target: FinalTest
Invoking: MacOS X C Linker
gcc  -o "FinalTest"  ./a8.o   
Undefined symbols for architecture x86_64:
  "_print", referenced from:
      _main in a8.o
ld: symbol(s) not found for architecture x86_64
clang: error: linker command failed with exit code 1 (use -v to see invocation)
make: *** [FinalTest] Error 1
"make all" terminated with exit code 2. Build might be incomplete.
00:17:44 **** Incremental Build of configuration Debug for project FinalTest ****
make all 
Building file: ../a8.c
Invoking: GCC C Compiler
gcc -O0 -g3 -Wall -c -fmessage-length=0 -MMD -MP -MF"a8.d" -MT"a8.o" -o "a8.o" "../a8.c"
../a8.c:7:20: warning: extra tokens at end of #include directive [-Wextra-tokens]
#include <unistd.h>;
                   ^
                   //
../a8.c:8:19: warning: extra tokens at end of #include directive [-Wextra-tokens]
#include <stdio.h>;
                  ^
                  //
../a8.c:12:2: warning: implicit declaration of function 'print' is invalid in C99 [-Wimplicit-function-declaration]
        print(a);
        ^
3 warnings generated.
Finished building: ../a8.c
 
Building target: FinalTest
Invoking: MacOS X C Linker
gcc  -o "FinalTest"  ./a8.o   
Undefined symbols for architecture x86_64:
  "_print", referenced from:
      _main in a8.o
ld: symbol(s) not found for architecture x86_64
clang: error: linker command failed with exit code 1 (use -v to see invocation)
make: *** [FinalTest] Error 1
"make all" terminated with exit code 2. Build might be incomplete.
00:17:58 **** Incremental Build of configuration Debug for project FinalTest ****
make all 
Building file: ../a8.c
Invoking: GCC C Compiler
gcc -O0 -g3 -Wall -c -fmessage-length=0 -MMD -MP -MF"a8.d" -MT"a8.o" -o "a8.o" "../a8.c"
../a8.c:7:20: warning: extra tokens at end of #include directive [-Wextra-tokens]
#include <unistd.h>;
                   ^
                   //
../a8.c:8:19: warning: extra tokens at end of #include directive [-Wextra-tokens]
#include <stdio.h>;
                  ^
                  //
../a8.c:12:2: warning: implicit declaration of function 'print' is invalid in C99 [-Wimplicit-function-declaration]
        print("1");
        ^
3 warnings generated.
Finished building: ../a8.c
 
Building target: FinalTest
Invoking: MacOS X C Linker
gcc  -o "FinalTest"  ./a8.o   
Undefined symbols for architecture x86_64:
  "_print", referenced from:
      _main in a8.o
ld: symbol(s) not found for architecture x86_64
clang: error: linker command failed with exit code 1 (use -v to see invocation)
make: *** [FinalTest] Error 1
"make all" terminated with exit code 2. Build might be incomplete.
00:18:08 **** Incremental Build of configuration Debug for project FinalTest ****
make all 
Building file: ../a8.c
Invoking: GCC C Compiler
gcc -O0 -g3 -Wall -c -fmessage-length=0 -MMD -MP -MF"a8.d" -MT"a8.o" -o "a8.o" "../a8.c"
../a8.c:7:20: warning: extra tokens at end of #include directive [-Wextra-tokens]
#include <unistd.h>;
                   ^
                   //
../a8.c:8:19: warning: extra tokens at end of #include directive [-Wextra-tokens]
#include <stdio.h>;
                  ^
                  //
../a8.c:12:2: warning: implicit declaration of function 'print' is invalid in C99 [-Wimplicit-function-declaration]
        print("1");
        ^
3 warnings generated.
Finished building: ../a8.c
 
Building target: FinalTest
Invoking: MacOS X C Linker
gcc  -o "FinalTest"  ./a8.o   
Undefined symbols for architecture x86_64:
  "_print", referenced from:
      _main in a8.o
ld: symbol(s) not found for architecture x86_64
clang: error: linker command failed with exit code 1 (use -v to see invocation)
make: *** [FinalTest] Error 1
"make all" terminated with exit code 2. Build might be incomplete.
00:18:23 **** Incremental Build of configuration Debug for project FinalTest ****
make all 
Building file: ../a8.c
Invoking: GCC C Compiler
gcc -O0 -g3 -Wall -c -fmessage-length=0 -MMD -MP -MF"a8.d" -MT"a8.o" -o "a8.o" "../a8.c"
../a8.c:7:20: warning: extra tokens at end of #include directive [-Wextra-tokens]
#include <unistd.h>;
                   ^
                   //
../a8.c:8:19: warning: extra tokens at end of #include directive [-Wextra-tokens]
#include <stdio.h>;
                  ^
                  //
2 warnings generated.
Finished building: ../a8.c
 
Building target: FinalTest
Invoking: MacOS X C Linker
gcc  -o "FinalTest"  ./a8.o   
Finished building target: FinalTest
 
00:18:38 **** Incremental Build of configuration Debug for project FinalTest ****
make all 
Building file: ../a8.c
Invoking: GCC C Compiler
gcc -O0 -g3 -Wall -c -fmessage-length=0 -MMD -MP -MF"a8.d" -MT"a8.o" -o "a8.o" "../a8.c"
../a8.c:7:20: warning: extra tokens at end of #include directive [-Wextra-tokens]
#include <unistd.h>;
                   ^
                   //
../a8.c:8:19: warning: extra tokens at end of #include directive [-Wextra-tokens]
#include <stdio.h>;
                  ^
                  //
2 warnings generated.
Finished building: ../a8.c
 
Building target: FinalTest
Invoking: MacOS X C Linker
gcc  -o "FinalTest"  ./a8.o   
Finished building target: FinalTest
 
00:19:03 **** Incremental Build of configuration Debug for project FinalTest ****
make all 
Building file: ../a8.c
Invoking: GCC C Compiler
gcc -O0 -g3 -Wall -c -fmessage-length=0 -MMD -MP -MF"a8.d" -MT"a8.o" -o "a8.o" "../a8.c"
../a8.c:7:20: warning: extra tokens at end of #include directive [-Wextra-tokens]
#include <unistd.h>;
                   ^
                   //
../a8.c:8:19: warning: extra tokens at end of #include directive [-Wextra-tokens]
#include <stdio.h>;
                  ^
                  //
../a8.c:12:9: warning: incompatible integer to pointer conversion passing 'int' to parameter of type 'const char *' [-Wint-conversion]
        printf(a);
               ^
/Applications/Xcode.app/Contents/Developer/Platforms/MacOSX.platform/Developer/SDKs/MacOSX10.14.sdk/usr/include/stdio.h:170:36: note: passing argument to parameter here
int      printf(const char * __restrict, ...) __printflike(1, 2);
                                       ^
../a8.c:12:9: warning: format string is not a string literal (potentially insecure) [-Wformat-security]
        printf(a);
               ^
../a8.c:12:9: note: treat the string as an argument to avoid this
        printf(a);
               ^
               "%s", 
4 warnings generated.
Finished building: ../a8.c
 
Building target: FinalTest
Invoking: MacOS X C Linker
gcc  -o "FinalTest"  ./a8.o   
Finished building target: FinalTest
 
00:19:34 **** Incremental Build of configuration Debug for project FinalTest ****
make all 
Building file: ../a8.c
Invoking: GCC C Compiler
gcc -O0 -g3 -Wall -c -fmessage-length=0 -MMD -MP -MF"a8.d" -MT"a8.o" -o "a8.o" "../a8.c"
../a8.c:7:20: warning: extra tokens at end of #include directive [-Wextra-tokens]
#include <unistd.h>;
                   ^
                   //
../a8.c:8:19: warning: extra tokens at end of #include directive [-Wextra-tokens]
#include <stdio.h>;
                  ^
                  //
../a8.c:12:6: warning: unused variable 'x' [-Wunused-variable]
        int x = 1 + a;
            ^
3 warnings generated.
Finished building: ../a8.c
 
Building target: FinalTest
Invoking: MacOS X C Linker
gcc  -o "FinalTest"  ./a8.o   
Finished building target: FinalTest
 
00:19:49 **** Incremental Build of configuration Debug for project FinalTest ****
make all 
Building file: ../a8.c
Invoking: GCC C Compiler
gcc -O0 -g3 -Wall -c -fmessage-length=0 -MMD -MP -MF"a8.d" -MT"a8.o" -o "a8.o" "../a8.c"
../a8.c:7:20: warning: extra tokens at end of #include directive [-Wextra-tokens]
#include <unistd.h>;
                   ^
                   //
../a8.c:8:19: warning: extra tokens at end of #include directive [-Wextra-tokens]
#include <stdio.h>;
                  ^
                  //
../a8.c:12:6: warning: unused variable 'x' [-Wunused-variable]
        int x = 1 + a;
            ^
3 warnings generated.
Finished building: ../a8.c
 
Building target: FinalTest
Invoking: MacOS X C Linker
gcc  -o "FinalTest"  ./a8.o   
Finished building target: FinalTest
 
00:19:59 **** Incremental Build of configuration Debug for project FinalTest ****
make all 
Building file: ../a8.c
Invoking: GCC C Compiler
gcc -O0 -g3 -Wall -c -fmessage-length=0 -MMD -MP -MF"a8.d" -MT"a8.o" -o "a8.o" "../a8.c"
../a8.c:7:20: warning: extra tokens at end of #include directive [-Wextra-tokens]
#include <unistd.h>;
                   ^
                   //
../a8.c:8:19: warning: extra tokens at end of #include directive [-Wextra-tokens]
#include <stdio.h>;
                  ^
                  //
../a8.c:13:9: warning: incompatible integer to pointer conversion passing 'int' to parameter of type 'const char *' [-Wint-conversion]
        printf(x);
               ^
/Applications/Xcode.app/Contents/Developer/Platforms/MacOSX.platform/Developer/SDKs/MacOSX10.14.sdk/usr/include/stdio.h:170:36: note: passing argument to parameter here
int      printf(const char * __restrict, ...) __printflike(1, 2);
                                       ^
../a8.c:13:9: warning: format string is not a string literal (potentially insecure) [-Wformat-security]
        printf(x);
               ^
../a8.c:13:9: note: treat the string as an argument to avoid this
        printf(x);
               ^
               "%s", 
4 warnings generated.
Finished building: ../a8.c
 
Building target: FinalTest
Invoking: MacOS X C Linker
gcc  -o "FinalTest"  ./a8.o   
Finished building target: FinalTest
 
00:20:03 **** Incremental Build of configuration Debug for project FinalTest ****
make all 
make: Nothing to be done for `all'.
00:20:24 **** Incremental Build of configuration Debug for project FinalTest ****
make all 
Building file: ../a8.c
Invoking: GCC C Compiler
gcc -O0 -g3 -Wall -c -fmessage-length=0 -MMD -MP -MF"a8.d" -MT"a8.o" -o "a8.o" "../a8.c"
../a8.c:7:20: warning: extra tokens at end of #include directive [-Wextra-tokens]
#include <unistd.h>;
                   ^
                   //
../a8.c:8:19: warning: extra tokens at end of #include directive [-Wextra-tokens]
#include <stdio.h>;
                  ^
                  //
../a8.c:13:9: warning: incompatible integer to pointer conversion passing 'int' to parameter of type 'const char *' [-Wint-conversion]
        printf(x);
               ^
/Applications/Xcode.app/Contents/Developer/Platforms/MacOSX.platform/Developer/SDKs/MacOSX10.14.sdk/usr/include/stdio.h:170:36: note: passing argument to parameter here
int      printf(const char * __restrict, ...) __printflike(1, 2);
                                       ^
../a8.c:13:9: warning: format string is not a string literal (potentially insecure) [-Wformat-security]
        printf(x);
               ^
../a8.c:13:9: note: treat the string as an argument to avoid this
        printf(x);
               ^
               "%s", 
4 warnings generated.
Finished building: ../a8.c
 
Building target: FinalTest
Invoking: MacOS X C Linker
gcc  -o "FinalTest"  ./a8.o   
Finished building target: FinalTest
 
00:20:50 **** Incremental Build of configuration Debug for project FinalTest ****
make all 
Building file: ../a8.c
Invoking: GCC C Compiler
gcc -O0 -g3 -Wall -c -fmessage-length=0 -MMD -MP -MF"a8.d" -MT"a8.o" -o "a8.o" "../a8.c"
../a8.c:7:20: warning: extra tokens at end of #include directive [-Wextra-tokens]
#include <unistd.h>;
                   ^
                   //
../a8.c:8:19: warning: extra tokens at end of #include directive [-Wextra-tokens]
#include <stdio.h>;
                  ^
                  //
2 warnings generated.
Finished building: ../a8.c
 
Building target: FinalTest
Invoking: MacOS X C Linker
gcc  -o "FinalTest"  ./a8.o   
Finished building target: FinalTest
 
00:20:57 **** Incremental Build of configuration Debug for project FinalTest ****
make all 
Building file: ../a8.c
Invoking: GCC C Compiler
gcc -O0 -g3 -Wall -c -fmessage-length=0 -MMD -MP -MF"a8.d" -MT"a8.o" -o "a8.o" "../a8.c"
../a8.c:7:20: warning: extra tokens at end of #include directive [-Wextra-tokens]
#include <unistd.h>;
                   ^
                   //
../a8.c:8:19: warning: extra tokens at end of #include directive [-Wextra-tokens]
#include <stdio.h>;
                  ^
                  //
2 warnings generated.
Finished building: ../a8.c
 
Building target: FinalTest
Invoking: MacOS X C Linker
gcc  -o "FinalTest"  ./a8.o   
Finished building target: FinalTest
 
00:21:03 **** Incremental Build of configuration Debug for project FinalTest ****
make all 
Building file: ../a8.c
Invoking: GCC C Compiler
gcc -O0 -g3 -Wall -c -fmessage-length=0 -MMD -MP -MF"a8.d" -MT"a8.o" -o "a8.o" "../a8.c"
../a8.c:7:20: warning: extra tokens at end of #include directive [-Wextra-tokens]
#include <unistd.h>;
                   ^
                   //
../a8.c:8:19: warning: extra tokens at end of #include directive [-Wextra-tokens]
#include <stdio.h>;
                  ^
                  //
2 warnings generated.
Finished building: ../a8.c
 
Building target: FinalTest
Invoking: MacOS X C Linker
gcc  -o "FinalTest"  ./a8.o   
Finished building target: FinalTest
 
00:21:26 **** Incremental Build of configuration Debug for project FinalTest ****
make all 
Building file: ../a8.c
Invoking: GCC C Compiler
gcc -O0 -g3 -Wall -c -fmessage-length=0 -MMD -MP -MF"a8.d" -MT"a8.o" -o "a8.o" "../a8.c"
../a8.c:7:20: warning: extra tokens at end of #include directive [-Wextra-tokens]
#include <unistd.h>;
                   ^
                   //
../a8.c:8:19: warning: extra tokens at end of #include directive [-Wextra-tokens]
#include <stdio.h>;
                  ^
                  //
../a8.c:12:10: warning: variable 'a' is uninitialized when used here [-Wuninitialized]
        int x = a + 2;
                ^
../a8.c:11:7: note: initialize the variable 'a' to silence this warning
        int a;
             ^
              = 0
3 warnings generated.
Finished building: ../a8.c
 
Building target: FinalTest
Invoking: MacOS X C Linker
gcc  -o "FinalTest"  ./a8.o   
Finished building target: FinalTest
 
00:21:49 **** Incremental Build of configuration Debug for project FinalTest ****
make all 
make: Nothing to be done for `all'.
00:22:02 **** Incremental Build of configuration Debug for project FinalTest ****
make all 
Building file: ../a8.c
Invoking: GCC C Compiler
gcc -O0 -g3 -Wall -c -fmessage-length=0 -MMD -MP -MF"a8.d" -MT"a8.o" -o "a8.o" "../a8.c"
../a8.c:7:20: warning: extra tokens at end of #include directive [-Wextra-tokens]
#include <unistd.h>;
                   ^
                   //
../a8.c:8:19: warning: extra tokens at end of #include directive [-Wextra-tokens]
#include <stdio.h>;
                  ^
                  //
../a8.c:13:15: warning: format specifies type 'char *' but the argument has type 'int' [-Wformat]
        printf("%s", x);
                ~~   ^
                %d
../a8.c:12:10: warning: variable 'a' is uninitialized when used here [-Wuninitialized]
        int x = a + 2;
                ^
../a8.c:11:7: note: initialize the variable 'a' to silence this warning
        int a;
             ^
              = 0
4 warnings generated.
Finished building: ../a8.c
 
Building target: FinalTest
Invoking: MacOS X C Linker
gcc  -o "FinalTest"  ./a8.o   
Finished building target: FinalTest
 
00:22:08 **** Incremental Build of configuration Debug for project FinalTest ****
make all 
make: Nothing to be done for `all'.
